<?xml version="1.0" encoding="UTF-8"?>
<!-- Generated by org.testng.reporters.JUnitXMLReporter -->
<testsuite ignored="0" hostname="DESKTOP-E097QFK" failures="1" tests="1" name="Test" time="152.103" errors="0" timestamp="12 Apr 2021 12:08:44 GMT">
  <testcase classname="Ecommerce.Ecommerce.BestBuy" name="Check_Ipad_Product" time="99.622">
    <failure type="java.lang.NullPointerException" message="Cannot invoke &amp;quot;org.openqa.selenium.WebElement.click()&amp;quot; because &amp;quot;ViewCart&amp;quot; is null">
      <![CDATA[java.lang.NullPointerException: Cannot invoke "org.openqa.selenium.WebElement.click()" because "ViewCart" is null
at Ecommerce.Ecommerce.BestBuy.Check_Ipad_Product(BestBuy.java:59)
... Removed 25 stack frames]]>
    </failure>
  </testcase> <!-- Check_Ipad_Product -->
</testsuite> <!-- Test -->
